<?xml version="1.0" encoding="UTF-8"?>
<testsuites name="Register_Failed" time="267.586" tests="14" failures="0" errors="0">
   <testsuite name="Register_Failed" tests="14" failures="0" errors="0" time="267.586" skipped="0" timestamp="2022-02-11 20:32:41" hostname="user - DESKTOP-HVUGG9G" id="Test Suites/Register_Failed">
      <properties>
         <property name="deviceName" value=""/>
         <property name="devicePlatform" value=""/>
         <property name="logFolder" value="C:\\Users\\user\\Katalon Studio\\My First Web UI Project\\Reports\\20220211_203227\\Register_Failed\\20220211_203228"/>
         <property name="logFiles" value="C:\\Users\\user\\Katalon Studio\\My First Web UI Project\\Reports\\20220211_203227\\Register_Failed\\20220211_203228\\execution0.log"/>
         <property name="attachments" value=""/>
         <property name="hostName" value="user - DESKTOP-HVUGG9G"/>
         <property name="os" value="Windows 10 64bit"/>
         <property name="katalonVersion" value="8.2.5.208"/>
         <property name="browser" value="Chrome 98.0.4758.82"/>
         <property name="hostAddress" value="192.168.43.53"/>
         <property name="sessionId" value="51096cad165811192095b91d3dbceafb"/>
         <property name="seleniumVersion" value="3.141.59"/>
         <property name="proxyInformation" value="ProxyInformation { proxyOption=NO_PROXY, proxyServerType=HTTP, username=, password=********, proxyServerAddress=, proxyServerPort=0, executionList=&quot;&quot;, isApplyToDesiredCapabilities=true }"/>
         <property name="platform" value="Windows 10"/>
      </properties>
      <testcase name="Test Cases/Register_TestCase/Failed Reg_Name left blank" time="23.446" classname="Test Cases/Register_TestCase/Failed Reg_Name left blank" status="PASSED">
         <system-out><![CDATA[2022-02-11 20:32:41 - [TEST_CASE][PASSED] - Test Cases/Register_TestCase/Failed Reg_Name left blank: Test Cases/Register_TestCase/Failed Reg_Name left blank

2022-02-11 20:32:42 - [TEST_STEP][PASSED] - openBrowser(""): Browser is opened with url: ''

2022-02-11 20:32:43 - [MESSAGE][INFO] - Starting 'Chrome' driver

2022-02-11 20:32:43 - [MESSAGE][INFO] - Action delay is set to 0 milliseconds

2022-02-11 20:32:47 - [MESSAGE][PASSED] - Browser is opened with url: ''

2022-02-11 20:32:47 - [TEST_STEP][PASSED] - navigateToUrl("https://dev.qlue.ai/register/"): Navigate to 'https://dev.qlue.ai/register/' successfully

2022-02-11 20:32:51 - [MESSAGE][PASSED] - Navigate to 'https://dev.qlue.ai/register/' successfully

2022-02-11 20:32:51 - [TEST_STEP][PASSED] - setText(findTestObject("Object Repository/Page_Qlue Smart City  Register Free Trial/input_Name_name"), ""): Text '' is set on object 'Object Repository/Page_Qlue Smart City  Register Free Trial/input_Name_name'

2022-02-11 20:32:53 - [MESSAGE][PASSED] - Text '' is set on object 'Object Repository/Page_Qlue Smart City  Register Free Trial/input_Name_name'

2022-02-11 20:32:53 - [TEST_STEP][PASSED] - setText(findTestObject("Object Repository/Page_Qlue Smart City  Register Free Trial/input_Email_email"), "ganjar.sayog1@gmail.com"): Text 'ganjar.sayog1@gmail.com' is set on object 'Object Repository/Page_Qlue Smart City  Register Free Trial/input_Email_email'

2022-02-11 20:32:54 - [MESSAGE][PASSED] - Text 'ganjar.sayog1@gmail.com' is set on object 'Object Repository/Page_Qlue Smart City  Register Free Trial/input_Email_email'

2022-02-11 20:32:54 - [TEST_STEP][PASSED] - setText(findTestObject("Object Repository/Page_Qlue Smart City  Register Free Trial/input_Company_company"), "PT. ABC"): Text 'PT. ABC' is set on object 'Object Repository/Page_Qlue Smart City  Register Free Trial/input_Company_company'

2022-02-11 20:32:55 - [MESSAGE][PASSED] - Text 'PT. ABC' is set on object 'Object Repository/Page_Qlue Smart City  Register Free Trial/input_Company_company'

2022-02-11 20:32:55 - [TEST_STEP][PASSED] - click(findTestObject("Object Repository/Page_Qlue Smart City  Register Free Trial/div_Phone_arrow down")): Object: 'Object Repository/Page_Qlue Smart City  Register Free Trial/div_Phone_arrow down' is clicked on

2022-02-11 20:32:58 - [MESSAGE][PASSED] - Object: 'Object Repository/Page_Qlue Smart City  Register Free Trial/div_Phone_arrow down' is clicked on

2022-02-11 20:32:58 - [TEST_STEP][PASSED] - click(findTestObject("Object Repository/Page_Qlue Smart City  Register Free Trial/span_Indonesia")): Object: 'Object Repository/Page_Qlue Smart City  Register Free Trial/span_Indonesia' is clicked on

2022-02-11 20:33:01 - [MESSAGE][PASSED] - Object: 'Object Repository/Page_Qlue Smart City  Register Free Trial/span_Indonesia' is clicked on

2022-02-11 20:33:01 - [TEST_STEP][PASSED] - setText(findTestObject("Object Repository/Page_Qlue Smart City  Register Free Trial/input_358_phone"), "81345755941"): Text '81345755941' is set on object 'Object Repository/Page_Qlue Smart City  Register Free Trial/input_358_phone'

2022-02-11 20:33:02 - [MESSAGE][PASSED] - Text '81345755941' is set on object 'Object Repository/Page_Qlue Smart City  Register Free Trial/input_358_phone'

2022-02-11 20:33:02 - [TEST_STEP][PASSED] - click(findTestObject("Object Repository/Page_Qlue Smart City  Register Free Trial/button_GET STARTED NOW")): Object: 'Object Repository/Page_Qlue Smart City  Register Free Trial/button_GET STARTED NOW' is clicked on

2022-02-11 20:33:03 - [MESSAGE][PASSED] - Object: 'Object Repository/Page_Qlue Smart City  Register Free Trial/button_GET STARTED NOW' is clicked on

2022-02-11 20:33:03 - [TEST_STEP][PASSED] - verifyElementPresent(findTestObject("Page_Qlue Smart City  Register Free Trial/span_Please enter Your name"), 0): Object 'Object Repository/Page_Qlue Smart City  Register Free Trial/span_Please enter Your name' is present

2022-02-11 20:33:03 - [MESSAGE][WARNING] - Timeout '0' is invalid. Using default page load timeout: '30'

2022-02-11 20:33:04 - [MESSAGE][PASSED] - Object 'Object Repository/Page_Qlue Smart City  Register Free Trial/span_Please enter Your name' is present

2022-02-11 20:33:04 - [TEST_STEP][PASSED] - closeBrowser(): Browser is closed

2022-02-11 20:33:05 - [MESSAGE][PASSED] - Browser is closed]]></system-out>
         <system-err><![CDATA[]]></system-err>
      </testcase>
      <testcase name="Test Cases/Register_TestCase/Failed Reg_Name with 3 char" time="21.025" classname="Test Cases/Register_TestCase/Failed Reg_Name with 3 char" status="PASSED">
         <system-out><![CDATA[2022-02-11 20:33:05 - [TEST_CASE][PASSED] - Test Cases/Register_TestCase/Failed Reg_Name with 3 char: Test Cases/Register_TestCase/Failed Reg_Name with 3 char

2022-02-11 20:33:05 - [TEST_STEP][PASSED] - openBrowser(""): Browser is opened with url: ''

2022-02-11 20:33:05 - [MESSAGE][INFO] - Starting 'Chrome' driver

2022-02-11 20:33:05 - [MESSAGE][INFO] - Action delay is set to 0 milliseconds

2022-02-11 20:33:07 - [MESSAGE][PASSED] - Browser is opened with url: ''

2022-02-11 20:33:07 - [TEST_STEP][PASSED] - navigateToUrl("https://dev.qlue.ai/register/"): Navigate to 'https://dev.qlue.ai/register/' successfully

2022-02-11 20:33:13 - [MESSAGE][PASSED] - Navigate to 'https://dev.qlue.ai/register/' successfully

2022-02-11 20:33:13 - [TEST_STEP][PASSED] - setText(findTestObject("Object Repository/Page_Qlue Smart City  Register Free Trial/input_Name_name"), "Gan"): Text 'Gan' is set on object 'Object Repository/Page_Qlue Smart City  Register Free Trial/input_Name_name'

2022-02-11 20:33:15 - [MESSAGE][PASSED] - Text 'Gan' is set on object 'Object Repository/Page_Qlue Smart City  Register Free Trial/input_Name_name'

2022-02-11 20:33:15 - [TEST_STEP][PASSED] - setText(findTestObject("Object Repository/Page_Qlue Smart City  Register Free Trial/input_Email_email"), "ganjar.sayog3@gmail.com"): Text 'ganjar.sayog3@gmail.com' is set on object 'Object Repository/Page_Qlue Smart City  Register Free Trial/input_Email_email'

2022-02-11 20:33:16 - [MESSAGE][PASSED] - Text 'ganjar.sayog3@gmail.com' is set on object 'Object Repository/Page_Qlue Smart City  Register Free Trial/input_Email_email'

2022-02-11 20:33:16 - [TEST_STEP][PASSED] - setText(findTestObject("Object Repository/Page_Qlue Smart City  Register Free Trial/input_Company_company"), "PT. ABC"): Text 'PT. ABC' is set on object 'Object Repository/Page_Qlue Smart City  Register Free Trial/input_Company_company'

2022-02-11 20:33:17 - [MESSAGE][PASSED] - Text 'PT. ABC' is set on object 'Object Repository/Page_Qlue Smart City  Register Free Trial/input_Company_company'

2022-02-11 20:33:17 - [TEST_STEP][PASSED] - click(findTestObject("Object Repository/Page_Qlue Smart City  Register Free Trial/div_Phone_arrow down")): Object: 'Object Repository/Page_Qlue Smart City  Register Free Trial/div_Phone_arrow down' is clicked on

2022-02-11 20:33:20 - [MESSAGE][PASSED] - Object: 'Object Repository/Page_Qlue Smart City  Register Free Trial/div_Phone_arrow down' is clicked on

2022-02-11 20:33:20 - [TEST_STEP][PASSED] - click(findTestObject("Object Repository/Page_Qlue Smart City  Register Free Trial/span_Indonesia")): Object: 'Object Repository/Page_Qlue Smart City  Register Free Trial/span_Indonesia' is clicked on

2022-02-11 20:33:22 - [MESSAGE][PASSED] - Object: 'Object Repository/Page_Qlue Smart City  Register Free Trial/span_Indonesia' is clicked on

2022-02-11 20:33:22 - [TEST_STEP][PASSED] - setText(findTestObject("Object Repository/Page_Qlue Smart City  Register Free Trial/input_358_phone"), "81345755941"): Text '81345755941' is set on object 'Object Repository/Page_Qlue Smart City  Register Free Trial/input_358_phone'

2022-02-11 20:33:23 - [MESSAGE][PASSED] - Text '81345755941' is set on object 'Object Repository/Page_Qlue Smart City  Register Free Trial/input_358_phone'

2022-02-11 20:33:23 - [TEST_STEP][PASSED] - click(findTestObject("Object Repository/Page_Qlue Smart City  Register Free Trial/button_GET STARTED NOW")): Object: 'Object Repository/Page_Qlue Smart City  Register Free Trial/button_GET STARTED NOW' is clicked on

2022-02-11 20:33:24 - [MESSAGE][PASSED] - Object: 'Object Repository/Page_Qlue Smart City  Register Free Trial/button_GET STARTED NOW' is clicked on

2022-02-11 20:33:24 - [TEST_STEP][PASSED] - verifyElementPresent(findTestObject("Page_Qlue Smart City  Register Free Trial/span_Character minimal 4 and maximal 50"), 0): Object 'Object Repository/Page_Qlue Smart City  Register Free Trial/span_Character minimal 4 and maximal 50' is present

2022-02-11 20:33:24 - [MESSAGE][WARNING] - Timeout '0' is invalid. Using default page load timeout: '30'

2022-02-11 20:33:25 - [MESSAGE][PASSED] - Object 'Object Repository/Page_Qlue Smart City  Register Free Trial/span_Character minimal 4 and maximal 50' is present

2022-02-11 20:33:25 - [TEST_STEP][PASSED] - closeBrowser(): Browser is closed

2022-02-11 20:33:26 - [MESSAGE][PASSED] - Browser is closed]]></system-out>
         <system-err><![CDATA[]]></system-err>
      </testcase>
      <testcase name="Test Cases/Register_TestCase/Failed Reg_Name with 51 char" time="21.323" classname="Test Cases/Register_TestCase/Failed Reg_Name with 51 char" status="PASSED">
         <system-out><![CDATA[2022-02-11 20:33:26 - [TEST_CASE][PASSED] - Test Cases/Register_TestCase/Failed Reg_Name with 51 char: Test Cases/Register_TestCase/Failed Reg_Name with 51 char

2022-02-11 20:33:26 - [TEST_STEP][PASSED] - openBrowser(""): Browser is opened with url: ''

2022-02-11 20:33:26 - [MESSAGE][INFO] - Starting 'Chrome' driver

2022-02-11 20:33:26 - [MESSAGE][INFO] - Action delay is set to 0 milliseconds

2022-02-11 20:33:28 - [MESSAGE][PASSED] - Browser is opened with url: ''

2022-02-11 20:33:28 - [TEST_STEP][PASSED] - navigateToUrl("https://dev.qlue.ai/register/"): Navigate to 'https://dev.qlue.ai/register/' successfully

2022-02-11 20:33:34 - [MESSAGE][PASSED] - Navigate to 'https://dev.qlue.ai/register/' successfully

2022-02-11 20:33:34 - [TEST_STEP][PASSED] - setText(findTestObject("Object Repository/Page_Qlue Smart City  Register Free Trial/input_Name_name"), "GanjarGanjarGanjarGanjarGanjarGanjarGanjarGanjarGan"): Text 'GanjarGanjarGanjarGanjarGanjarGanjarGanjarGanjarGan' is set on object 'Object Repository/Page_Qlue Smart City  Register Free Trial/input_Name_name'

2022-02-11 20:33:36 - [MESSAGE][PASSED] - Text 'GanjarGanjarGanjarGanjarGanjarGanjarGanjarGanjarGan' is set on object 'Object Repository/Page_Qlue Smart City  Register Free Trial/input_Name_name'

2022-02-11 20:33:36 - [TEST_STEP][PASSED] - setText(findTestObject("Object Repository/Page_Qlue Smart City  Register Free Trial/input_Email_email"), "ganjar.sayog4@gmail.com"): Text 'ganjar.sayog4@gmail.com' is set on object 'Object Repository/Page_Qlue Smart City  Register Free Trial/input_Email_email'

2022-02-11 20:33:37 - [MESSAGE][PASSED] - Text 'ganjar.sayog4@gmail.com' is set on object 'Object Repository/Page_Qlue Smart City  Register Free Trial/input_Email_email'

2022-02-11 20:33:37 - [TEST_STEP][PASSED] - setText(findTestObject("Object Repository/Page_Qlue Smart City  Register Free Trial/input_Company_company"), "PT. ABC"): Text 'PT. ABC' is set on object 'Object Repository/Page_Qlue Smart City  Register Free Trial/input_Company_company'

2022-02-11 20:33:38 - [MESSAGE][PASSED] - Text 'PT. ABC' is set on object 'Object Repository/Page_Qlue Smart City  Register Free Trial/input_Company_company'

2022-02-11 20:33:38 - [TEST_STEP][PASSED] - click(findTestObject("Object Repository/Page_Qlue Smart City  Register Free Trial/div_Phone_arrow down")): Object: 'Object Repository/Page_Qlue Smart City  Register Free Trial/div_Phone_arrow down' is clicked on

2022-02-11 20:33:41 - [MESSAGE][PASSED] - Object: 'Object Repository/Page_Qlue Smart City  Register Free Trial/div_Phone_arrow down' is clicked on

2022-02-11 20:33:41 - [TEST_STEP][PASSED] - click(findTestObject("Object Repository/Page_Qlue Smart City  Register Free Trial/span_Indonesia")): Object: 'Object Repository/Page_Qlue Smart City  Register Free Trial/span_Indonesia' is clicked on

2022-02-11 20:33:44 - [MESSAGE][PASSED] - Object: 'Object Repository/Page_Qlue Smart City  Register Free Trial/span_Indonesia' is clicked on

2022-02-11 20:33:44 - [TEST_STEP][PASSED] - setText(findTestObject("Object Repository/Page_Qlue Smart City  Register Free Trial/input_358_phone"), "81345755941"): Text '81345755941' is set on object 'Object Repository/Page_Qlue Smart City  Register Free Trial/input_358_phone'

2022-02-11 20:33:45 - [MESSAGE][PASSED] - Text '81345755941' is set on object 'Object Repository/Page_Qlue Smart City  Register Free Trial/input_358_phone'

2022-02-11 20:33:45 - [TEST_STEP][PASSED] - click(findTestObject("Object Repository/Page_Qlue Smart City  Register Free Trial/button_GET STARTED NOW")): Object: 'Object Repository/Page_Qlue Smart City  Register Free Trial/button_GET STARTED NOW' is clicked on

2022-02-11 20:33:45 - [MESSAGE][PASSED] - Object: 'Object Repository/Page_Qlue Smart City  Register Free Trial/button_GET STARTED NOW' is clicked on

2022-02-11 20:33:45 - [TEST_STEP][PASSED] - verifyElementPresent(findTestObject("Page_Qlue Smart City  Register Free Trial/span_Character minimal 4 and maximal 50"), 0): Object 'Object Repository/Page_Qlue Smart City  Register Free Trial/span_Character minimal 4 and maximal 50' is present

2022-02-11 20:33:45 - [MESSAGE][WARNING] - Timeout '0' is invalid. Using default page load timeout: '30'

2022-02-11 20:33:46 - [MESSAGE][PASSED] - Object 'Object Repository/Page_Qlue Smart City  Register Free Trial/span_Character minimal 4 and maximal 50' is present

2022-02-11 20:33:46 - [TEST_STEP][PASSED] - closeBrowser(): Browser is closed

2022-02-11 20:33:47 - [MESSAGE][PASSED] - Browser is closed]]></system-out>
         <system-err><![CDATA[]]></system-err>
      </testcase>
      <testcase name="Test Cases/Register_TestCase/Failed Reg_Name with symbols" time="18.883" classname="Test Cases/Register_TestCase/Failed Reg_Name with symbols" status="PASSED">
         <system-out><![CDATA[2022-02-11 20:33:47 - [TEST_CASE][PASSED] - Test Cases/Register_TestCase/Failed Reg_Name with symbols: Test Cases/Register_TestCase/Failed Reg_Name with symbols

2022-02-11 20:33:48 - [TEST_STEP][PASSED] - openBrowser(""): Browser is opened with url: ''

2022-02-11 20:33:48 - [MESSAGE][INFO] - Starting 'Chrome' driver

2022-02-11 20:33:48 - [MESSAGE][INFO] - Action delay is set to 0 milliseconds

2022-02-11 20:33:49 - [MESSAGE][PASSED] - Browser is opened with url: ''

2022-02-11 20:33:49 - [TEST_STEP][PASSED] - navigateToUrl("https://dev.qlue.ai/register/"): Navigate to 'https://dev.qlue.ai/register/' successfully

2022-02-11 20:33:55 - [MESSAGE][PASSED] - Navigate to 'https://dev.qlue.ai/register/' successfully

2022-02-11 20:33:55 - [TEST_STEP][PASSED] - setText(findTestObject("Object Repository/Page_Qlue Smart City  Register Free Trial/input_Name_name"), "@@@@@"): Text '@@@@@' is set on object 'Object Repository/Page_Qlue Smart City  Register Free Trial/input_Name_name'

2022-02-11 20:33:57 - [MESSAGE][PASSED] - Text '@@@@@' is set on object 'Object Repository/Page_Qlue Smart City  Register Free Trial/input_Name_name'

2022-02-11 20:33:57 - [TEST_STEP][PASSED] - setText(findTestObject("Object Repository/Page_Qlue Smart City  Register Free Trial/input_Email_email"), "ganjar.sayog2@gmail.com"): Text 'ganjar.sayog2@gmail.com' is set on object 'Object Repository/Page_Qlue Smart City  Register Free Trial/input_Email_email'

2022-02-11 20:33:58 - [MESSAGE][PASSED] - Text 'ganjar.sayog2@gmail.com' is set on object 'Object Repository/Page_Qlue Smart City  Register Free Trial/input_Email_email'

2022-02-11 20:33:58 - [TEST_STEP][PASSED] - setText(findTestObject("Object Repository/Page_Qlue Smart City  Register Free Trial/input_Company_company"), "PT. ABC"): Text 'PT. ABC' is set on object 'Object Repository/Page_Qlue Smart City  Register Free Trial/input_Company_company'

2022-02-11 20:33:59 - [MESSAGE][PASSED] - Text 'PT. ABC' is set on object 'Object Repository/Page_Qlue Smart City  Register Free Trial/input_Company_company'

2022-02-11 20:33:59 - [TEST_STEP][PASSED] - click(findTestObject("Object Repository/Page_Qlue Smart City  Register Free Trial/div_Phone_arrow down")): Object: 'Object Repository/Page_Qlue Smart City  Register Free Trial/div_Phone_arrow down' is clicked on

2022-02-11 20:34:00 - [MESSAGE][PASSED] - Object: 'Object Repository/Page_Qlue Smart City  Register Free Trial/div_Phone_arrow down' is clicked on

2022-02-11 20:34:00 - [TEST_STEP][PASSED] - click(findTestObject("Object Repository/Page_Qlue Smart City  Register Free Trial/span_Indonesia")): Object: 'Object Repository/Page_Qlue Smart City  Register Free Trial/span_Indonesia' is clicked on

2022-02-11 20:34:02 - [MESSAGE][PASSED] - Object: 'Object Repository/Page_Qlue Smart City  Register Free Trial/span_Indonesia' is clicked on

2022-02-11 20:34:02 - [TEST_STEP][PASSED] - setText(findTestObject("Object Repository/Page_Qlue Smart City  Register Free Trial/input_358_phone"), "81345755941"): Text '81345755941' is set on object 'Object Repository/Page_Qlue Smart City  Register Free Trial/input_358_phone'

2022-02-11 20:34:03 - [MESSAGE][PASSED] - Text '81345755941' is set on object 'Object Repository/Page_Qlue Smart City  Register Free Trial/input_358_phone'

2022-02-11 20:34:03 - [TEST_STEP][PASSED] - click(findTestObject("Object Repository/Page_Qlue Smart City  Register Free Trial/button_GET STARTED NOW")): Object: 'Object Repository/Page_Qlue Smart City  Register Free Trial/button_GET STARTED NOW' is clicked on

2022-02-11 20:34:04 - [MESSAGE][PASSED] - Object: 'Object Repository/Page_Qlue Smart City  Register Free Trial/button_GET STARTED NOW' is clicked on

2022-02-11 20:34:04 - [TEST_STEP][PASSED] - verifyElementPresent(findTestObject("Page_Qlue Smart City  Register Free Trial/span_Name only allow alphanumeric characters"), 0): Object 'Object Repository/Page_Qlue Smart City  Register Free Trial/span_Name only allow alphanumeric characters' is present

2022-02-11 20:34:04 - [MESSAGE][WARNING] - Timeout '0' is invalid. Using default page load timeout: '30'

2022-02-11 20:34:05 - [MESSAGE][PASSED] - Object 'Object Repository/Page_Qlue Smart City  Register Free Trial/span_Name only allow alphanumeric characters' is present

2022-02-11 20:34:05 - [TEST_STEP][PASSED] - closeBrowser(): Browser is closed

2022-02-11 20:34:06 - [MESSAGE][PASSED] - Browser is closed]]></system-out>
         <system-err><![CDATA[]]></system-err>
      </testcase>
      <testcase name="Test Cases/Register_TestCase/Failed Reg_Email already registered" time="19.044" classname="Test Cases/Register_TestCase/Failed Reg_Email already registered" status="PASSED">
         <system-out><![CDATA[2022-02-11 20:34:06 - [TEST_CASE][PASSED] - Test Cases/Register_TestCase/Failed Reg_Email already registered: Test Cases/Register_TestCase/Failed Reg_Email already registered

2022-02-11 20:34:06 - [TEST_STEP][PASSED] - openBrowser(""): Browser is opened with url: ''

2022-02-11 20:34:07 - [MESSAGE][INFO] - Starting 'Chrome' driver

2022-02-11 20:34:07 - [MESSAGE][INFO] - Action delay is set to 0 milliseconds

2022-02-11 20:34:08 - [MESSAGE][PASSED] - Browser is opened with url: ''

2022-02-11 20:34:08 - [TEST_STEP][PASSED] - navigateToUrl("https://dev.qlue.ai/register/"): Navigate to 'https://dev.qlue.ai/register/' successfully

2022-02-11 20:34:14 - [MESSAGE][PASSED] - Navigate to 'https://dev.qlue.ai/register/' successfully

2022-02-11 20:34:14 - [TEST_STEP][PASSED] - setText(findTestObject("Object Repository/Page_Qlue Smart City  Register Free Trial/input_Name_name"), "Ganjar"): Text 'Ganjar' is set on object 'Object Repository/Page_Qlue Smart City  Register Free Trial/input_Name_name'

2022-02-11 20:34:16 - [MESSAGE][PASSED] - Text 'Ganjar' is set on object 'Object Repository/Page_Qlue Smart City  Register Free Trial/input_Name_name'

2022-02-11 20:34:16 - [TEST_STEP][PASSED] - setText(findTestObject("Object Repository/Page_Qlue Smart City  Register Free Trial/input_Email_email"), "ganjar.sayogo@gmail.com"): Text 'ganjar.sayogo@gmail.com' is set on object 'Object Repository/Page_Qlue Smart City  Register Free Trial/input_Email_email'

2022-02-11 20:34:17 - [MESSAGE][PASSED] - Text 'ganjar.sayogo@gmail.com' is set on object 'Object Repository/Page_Qlue Smart City  Register Free Trial/input_Email_email'

2022-02-11 20:34:17 - [TEST_STEP][PASSED] - setText(findTestObject("Object Repository/Page_Qlue Smart City  Register Free Trial/input_Company_company"), "PT. ABC"): Text 'PT. ABC' is set on object 'Object Repository/Page_Qlue Smart City  Register Free Trial/input_Company_company'

2022-02-11 20:34:18 - [MESSAGE][PASSED] - Text 'PT. ABC' is set on object 'Object Repository/Page_Qlue Smart City  Register Free Trial/input_Company_company'

2022-02-11 20:34:18 - [TEST_STEP][PASSED] - click(findTestObject("Object Repository/Page_Qlue Smart City  Register Free Trial/div_Phone_arrow down")): Object: 'Object Repository/Page_Qlue Smart City  Register Free Trial/div_Phone_arrow down' is clicked on

2022-02-11 20:34:18 - [MESSAGE][PASSED] - Object: 'Object Repository/Page_Qlue Smart City  Register Free Trial/div_Phone_arrow down' is clicked on

2022-02-11 20:34:18 - [TEST_STEP][PASSED] - click(findTestObject("Object Repository/Page_Qlue Smart City  Register Free Trial/span_Indonesia")): Object: 'Object Repository/Page_Qlue Smart City  Register Free Trial/span_Indonesia' is clicked on

2022-02-11 20:34:21 - [MESSAGE][PASSED] - Object: 'Object Repository/Page_Qlue Smart City  Register Free Trial/span_Indonesia' is clicked on

2022-02-11 20:34:21 - [TEST_STEP][PASSED] - setText(findTestObject("Object Repository/Page_Qlue Smart City  Register Free Trial/input_358_phone"), "81345755941"): Text '81345755941' is set on object 'Object Repository/Page_Qlue Smart City  Register Free Trial/input_358_phone'

2022-02-11 20:34:22 - [MESSAGE][PASSED] - Text '81345755941' is set on object 'Object Repository/Page_Qlue Smart City  Register Free Trial/input_358_phone'

2022-02-11 20:34:22 - [TEST_STEP][PASSED] - click(findTestObject("Object Repository/Page_Qlue Smart City  Register Free Trial/button_GET STARTED NOW")): Object: 'Object Repository/Page_Qlue Smart City  Register Free Trial/button_GET STARTED NOW' is clicked on

2022-02-11 20:34:23 - [MESSAGE][PASSED] - Object: 'Object Repository/Page_Qlue Smart City  Register Free Trial/button_GET STARTED NOW' is clicked on

2022-02-11 20:34:23 - [TEST_STEP][PASSED] - verifyElementPresent(findTestObject("Page_Qlue Smart City  Register Free Trial/span_Email already registered"), 0): Object 'Object Repository/Page_Qlue Smart City  Register Free Trial/span_Email already registered' is present

2022-02-11 20:34:23 - [MESSAGE][WARNING] - Timeout '0' is invalid. Using default page load timeout: '30'

2022-02-11 20:34:24 - [MESSAGE][PASSED] - Object 'Object Repository/Page_Qlue Smart City  Register Free Trial/span_Email already registered' is present

2022-02-11 20:34:24 - [TEST_STEP][PASSED] - closeBrowser(): Browser is closed

2022-02-11 20:34:25 - [MESSAGE][PASSED] - Browser is closed]]></system-out>
         <system-err><![CDATA[]]></system-err>
      </testcase>
      <testcase name="Test Cases/Register_TestCase/Failed Reg_Email left blank" time="19.997" classname="Test Cases/Register_TestCase/Failed Reg_Email left blank" status="PASSED">
         <system-out><![CDATA[2022-02-11 20:34:25 - [TEST_CASE][PASSED] - Test Cases/Register_TestCase/Failed Reg_Email left blank: Test Cases/Register_TestCase/Failed Reg_Email left blank

2022-02-11 20:34:26 - [TEST_STEP][PASSED] - openBrowser(""): Browser is opened with url: ''

2022-02-11 20:34:26 - [MESSAGE][INFO] - Starting 'Chrome' driver

2022-02-11 20:34:26 - [MESSAGE][INFO] - Action delay is set to 0 milliseconds

2022-02-11 20:34:27 - [MESSAGE][PASSED] - Browser is opened with url: ''

2022-02-11 20:34:27 - [TEST_STEP][PASSED] - navigateToUrl("https://dev.qlue.ai/register/"): Navigate to 'https://dev.qlue.ai/register/' successfully

2022-02-11 20:34:32 - [MESSAGE][PASSED] - Navigate to 'https://dev.qlue.ai/register/' successfully

2022-02-11 20:34:32 - [TEST_STEP][PASSED] - setText(findTestObject("Object Repository/Page_Qlue Smart City  Register Free Trial/input_Name_name"), "Ganjar"): Text 'Ganjar' is set on object 'Object Repository/Page_Qlue Smart City  Register Free Trial/input_Name_name'

2022-02-11 20:34:34 - [MESSAGE][PASSED] - Text 'Ganjar' is set on object 'Object Repository/Page_Qlue Smart City  Register Free Trial/input_Name_name'

2022-02-11 20:34:34 - [TEST_STEP][PASSED] - setText(findTestObject("Object Repository/Page_Qlue Smart City  Register Free Trial/input_Email_email"), ""): Text '' is set on object 'Object Repository/Page_Qlue Smart City  Register Free Trial/input_Email_email'

2022-02-11 20:34:35 - [MESSAGE][PASSED] - Text '' is set on object 'Object Repository/Page_Qlue Smart City  Register Free Trial/input_Email_email'

2022-02-11 20:34:35 - [TEST_STEP][PASSED] - setText(findTestObject("Object Repository/Page_Qlue Smart City  Register Free Trial/input_Company_company"), "PT. ABC"): Text 'PT. ABC' is set on object 'Object Repository/Page_Qlue Smart City  Register Free Trial/input_Company_company'

2022-02-11 20:34:36 - [MESSAGE][PASSED] - Text 'PT. ABC' is set on object 'Object Repository/Page_Qlue Smart City  Register Free Trial/input_Company_company'

2022-02-11 20:34:36 - [TEST_STEP][PASSED] - click(findTestObject("Object Repository/Page_Qlue Smart City  Register Free Trial/div_Phone_arrow down")): Object: 'Object Repository/Page_Qlue Smart City  Register Free Trial/div_Phone_arrow down' is clicked on

2022-02-11 20:34:39 - [MESSAGE][PASSED] - Object: 'Object Repository/Page_Qlue Smart City  Register Free Trial/div_Phone_arrow down' is clicked on

2022-02-11 20:34:39 - [TEST_STEP][PASSED] - click(findTestObject("Object Repository/Page_Qlue Smart City  Register Free Trial/span_Indonesia")): Object: 'Object Repository/Page_Qlue Smart City  Register Free Trial/span_Indonesia' is clicked on

2022-02-11 20:34:42 - [MESSAGE][PASSED] - Object: 'Object Repository/Page_Qlue Smart City  Register Free Trial/span_Indonesia' is clicked on

2022-02-11 20:34:42 - [TEST_STEP][PASSED] - setText(findTestObject("Object Repository/Page_Qlue Smart City  Register Free Trial/input_358_phone"), "81345755941"): Text '81345755941' is set on object 'Object Repository/Page_Qlue Smart City  Register Free Trial/input_358_phone'

2022-02-11 20:34:43 - [MESSAGE][PASSED] - Text '81345755941' is set on object 'Object Repository/Page_Qlue Smart City  Register Free Trial/input_358_phone'

2022-02-11 20:34:43 - [TEST_STEP][PASSED] - click(findTestObject("Object Repository/Page_Qlue Smart City  Register Free Trial/button_GET STARTED NOW")): Object: 'Object Repository/Page_Qlue Smart City  Register Free Trial/button_GET STARTED NOW' is clicked on

2022-02-11 20:34:43 - [MESSAGE][PASSED] - Object: 'Object Repository/Page_Qlue Smart City  Register Free Trial/button_GET STARTED NOW' is clicked on

2022-02-11 20:34:43 - [TEST_STEP][PASSED] - verifyElementPresent(findTestObject("Page_Qlue Smart City  Register Free Trial/span_Please enter Your email"), 0): Object 'Object Repository/Page_Qlue Smart City  Register Free Trial/span_Please enter Your email' is present

2022-02-11 20:34:43 - [MESSAGE][WARNING] - Timeout '0' is invalid. Using default page load timeout: '30'

2022-02-11 20:34:44 - [MESSAGE][PASSED] - Object 'Object Repository/Page_Qlue Smart City  Register Free Trial/span_Please enter Your email' is present

2022-02-11 20:34:44 - [TEST_STEP][PASSED] - closeBrowser(): Browser is closed

2022-02-11 20:34:45 - [MESSAGE][PASSED] - Browser is closed]]></system-out>
         <system-err><![CDATA[]]></system-err>
      </testcase>
      <testcase name="Test Cases/Register_TestCase/Failed Reg_Invalid email format" time="21.172" classname="Test Cases/Register_TestCase/Failed Reg_Invalid email format" status="PASSED">
         <system-out><![CDATA[2022-02-11 20:34:45 - [TEST_CASE][PASSED] - Test Cases/Register_TestCase/Failed Reg_Invalid email format: Test Cases/Register_TestCase/Failed Reg_Invalid email format

2022-02-11 20:34:46 - [TEST_STEP][PASSED] - openBrowser(""): Browser is opened with url: ''

2022-02-11 20:34:46 - [MESSAGE][INFO] - Starting 'Chrome' driver

2022-02-11 20:34:46 - [MESSAGE][INFO] - Action delay is set to 0 milliseconds

2022-02-11 20:34:47 - [MESSAGE][PASSED] - Browser is opened with url: ''

2022-02-11 20:34:47 - [TEST_STEP][PASSED] - navigateToUrl("https://dev.qlue.ai/register/"): Navigate to 'https://dev.qlue.ai/register/' successfully

2022-02-11 20:34:54 - [MESSAGE][PASSED] - Navigate to 'https://dev.qlue.ai/register/' successfully

2022-02-11 20:34:54 - [TEST_STEP][PASSED] - setText(findTestObject("Object Repository/Page_Qlue Smart City  Register Free Trial/input_Name_name"), "Ganjar"): Text 'Ganjar' is set on object 'Object Repository/Page_Qlue Smart City  Register Free Trial/input_Name_name'

2022-02-11 20:34:55 - [MESSAGE][PASSED] - Text 'Ganjar' is set on object 'Object Repository/Page_Qlue Smart City  Register Free Trial/input_Name_name'

2022-02-11 20:34:55 - [TEST_STEP][PASSED] - setText(findTestObject("Object Repository/Page_Qlue Smart City  Register Free Trial/input_Email_email"), "ganjarsayog5gmail.com"): Text 'ganjarsayog5gmail.com' is set on object 'Object Repository/Page_Qlue Smart City  Register Free Trial/input_Email_email'

2022-02-11 20:34:56 - [MESSAGE][PASSED] - Text 'ganjarsayog5gmail.com' is set on object 'Object Repository/Page_Qlue Smart City  Register Free Trial/input_Email_email'

2022-02-11 20:34:56 - [TEST_STEP][PASSED] - setText(findTestObject("Object Repository/Page_Qlue Smart City  Register Free Trial/input_Company_company"), "PT. ABC"): Text 'PT. ABC' is set on object 'Object Repository/Page_Qlue Smart City  Register Free Trial/input_Company_company'

2022-02-11 20:34:57 - [MESSAGE][PASSED] - Text 'PT. ABC' is set on object 'Object Repository/Page_Qlue Smart City  Register Free Trial/input_Company_company'

2022-02-11 20:34:57 - [TEST_STEP][PASSED] - click(findTestObject("Object Repository/Page_Qlue Smart City  Register Free Trial/div_Phone_arrow down")): Object: 'Object Repository/Page_Qlue Smart City  Register Free Trial/div_Phone_arrow down' is clicked on

2022-02-11 20:35:00 - [MESSAGE][PASSED] - Object: 'Object Repository/Page_Qlue Smart City  Register Free Trial/div_Phone_arrow down' is clicked on

2022-02-11 20:35:00 - [TEST_STEP][PASSED] - click(findTestObject("Object Repository/Page_Qlue Smart City  Register Free Trial/span_Indonesia")): Object: 'Object Repository/Page_Qlue Smart City  Register Free Trial/span_Indonesia' is clicked on

2022-02-11 20:35:03 - [MESSAGE][PASSED] - Object: 'Object Repository/Page_Qlue Smart City  Register Free Trial/span_Indonesia' is clicked on

2022-02-11 20:35:03 - [TEST_STEP][PASSED] - setText(findTestObject("Object Repository/Page_Qlue Smart City  Register Free Trial/input_358_phone"), "81345755941"): Text '81345755941' is set on object 'Object Repository/Page_Qlue Smart City  Register Free Trial/input_358_phone'

2022-02-11 20:35:04 - [MESSAGE][PASSED] - Text '81345755941' is set on object 'Object Repository/Page_Qlue Smart City  Register Free Trial/input_358_phone'

2022-02-11 20:35:04 - [TEST_STEP][PASSED] - click(findTestObject("Object Repository/Page_Qlue Smart City  Register Free Trial/button_GET STARTED NOW")): Object: 'Object Repository/Page_Qlue Smart City  Register Free Trial/button_GET STARTED NOW' is clicked on

2022-02-11 20:35:04 - [MESSAGE][PASSED] - Object: 'Object Repository/Page_Qlue Smart City  Register Free Trial/button_GET STARTED NOW' is clicked on

2022-02-11 20:35:04 - [TEST_STEP][PASSED] - verifyElementPresent(findTestObject("Page_Qlue Smart City  Register Free Trial/span_your email is not valid"), 0): Object 'Object Repository/Page_Qlue Smart City  Register Free Trial/span_your email is not valid' is present

2022-02-11 20:35:05 - [MESSAGE][WARNING] - Timeout '0' is invalid. Using default page load timeout: '30'

2022-02-11 20:35:05 - [MESSAGE][PASSED] - Object 'Object Repository/Page_Qlue Smart City  Register Free Trial/span_your email is not valid' is present

2022-02-11 20:35:05 - [TEST_STEP][PASSED] - closeBrowser(): Browser is closed

2022-02-11 20:35:06 - [MESSAGE][PASSED] - Browser is closed]]></system-out>
         <system-err><![CDATA[]]></system-err>
      </testcase>
      <testcase name="Test Cases/Register_TestCase/Failed Reg_Company left blank" time="16.458" classname="Test Cases/Register_TestCase/Failed Reg_Company left blank" status="PASSED">
         <system-out><![CDATA[2022-02-11 20:35:06 - [TEST_CASE][PASSED] - Test Cases/Register_TestCase/Failed Reg_Company left blank: Test Cases/Register_TestCase/Failed Reg_Company left blank

2022-02-11 20:35:07 - [TEST_STEP][PASSED] - openBrowser(""): Browser is opened with url: ''

2022-02-11 20:35:07 - [MESSAGE][INFO] - Starting 'Chrome' driver

2022-02-11 20:35:07 - [MESSAGE][INFO] - Action delay is set to 0 milliseconds

2022-02-11 20:35:08 - [MESSAGE][PASSED] - Browser is opened with url: ''

2022-02-11 20:35:08 - [TEST_STEP][PASSED] - navigateToUrl("https://dev.qlue.ai/register/"): Navigate to 'https://dev.qlue.ai/register/' successfully

2022-02-11 20:35:15 - [MESSAGE][PASSED] - Navigate to 'https://dev.qlue.ai/register/' successfully

2022-02-11 20:35:15 - [TEST_STEP][PASSED] - setText(findTestObject("Object Repository/Page_Qlue Smart City  Register Free Trial/input_Name_name"), "Ganjar"): Text 'Ganjar' is set on object 'Object Repository/Page_Qlue Smart City  Register Free Trial/input_Name_name'

2022-02-11 20:35:16 - [MESSAGE][PASSED] - Text 'Ganjar' is set on object 'Object Repository/Page_Qlue Smart City  Register Free Trial/input_Name_name'

2022-02-11 20:35:16 - [TEST_STEP][PASSED] - setText(findTestObject("Object Repository/Page_Qlue Smart City  Register Free Trial/input_Email_email"), "ganjarsayog5@gmail.com"): Text 'ganjarsayog5@gmail.com' is set on object 'Object Repository/Page_Qlue Smart City  Register Free Trial/input_Email_email'

2022-02-11 20:35:17 - [MESSAGE][PASSED] - Text 'ganjarsayog5@gmail.com' is set on object 'Object Repository/Page_Qlue Smart City  Register Free Trial/input_Email_email'

2022-02-11 20:35:17 - [TEST_STEP][PASSED] - setText(findTestObject("Object Repository/Page_Qlue Smart City  Register Free Trial/input_Company_company"), ""): Text '' is set on object 'Object Repository/Page_Qlue Smart City  Register Free Trial/input_Company_company'

2022-02-11 20:35:18 - [MESSAGE][PASSED] - Text '' is set on object 'Object Repository/Page_Qlue Smart City  Register Free Trial/input_Company_company'

2022-02-11 20:35:18 - [TEST_STEP][PASSED] - click(findTestObject("Object Repository/Page_Qlue Smart City  Register Free Trial/button_GET STARTED NOW")): Object: 'Object Repository/Page_Qlue Smart City  Register Free Trial/button_GET STARTED NOW' is clicked on

2022-02-11 20:35:21 - [MESSAGE][PASSED] - Object: 'Object Repository/Page_Qlue Smart City  Register Free Trial/button_GET STARTED NOW' is clicked on

2022-02-11 20:35:21 - [TEST_STEP][PASSED] - verifyElementPresent(findTestObject("Page_Qlue Smart City  Register Free Trial/span_Please enter Your company"), 0): Object 'Object Repository/Page_Qlue Smart City  Register Free Trial/span_Please enter Your company' is present

2022-02-11 20:35:21 - [MESSAGE][WARNING] - Timeout '0' is invalid. Using default page load timeout: '30'

2022-02-11 20:35:22 - [MESSAGE][PASSED] - Object 'Object Repository/Page_Qlue Smart City  Register Free Trial/span_Please enter Your company' is present

2022-02-11 20:35:22 - [TEST_STEP][PASSED] - closeBrowser(): Browser is closed

2022-02-11 20:35:23 - [MESSAGE][PASSED] - Browser is closed]]></system-out>
         <system-err><![CDATA[]]></system-err>
      </testcase>
      <testcase name="Test Cases/Register_TestCase/Failed Reg_Company with 2 char" time="15.802" classname="Test Cases/Register_TestCase/Failed Reg_Company with 2 char" status="PASSED">
         <system-out><![CDATA[2022-02-11 20:35:23 - [TEST_CASE][PASSED] - Test Cases/Register_TestCase/Failed Reg_Company with 2 char: Test Cases/Register_TestCase/Failed Reg_Company with 2 char

2022-02-11 20:35:23 - [TEST_STEP][PASSED] - openBrowser(""): Browser is opened with url: ''

2022-02-11 20:35:23 - [MESSAGE][INFO] - Starting 'Chrome' driver

2022-02-11 20:35:23 - [MESSAGE][INFO] - Action delay is set to 0 milliseconds

2022-02-11 20:35:25 - [MESSAGE][PASSED] - Browser is opened with url: ''

2022-02-11 20:35:25 - [TEST_STEP][PASSED] - navigateToUrl("https://d11602ph6cbhrk.cloudfront.net/register/"): Navigate to 'https://d11602ph6cbhrk.cloudfront.net/register/' successfully

2022-02-11 20:35:30 - [MESSAGE][PASSED] - Navigate to 'https://d11602ph6cbhrk.cloudfront.net/register/' successfully

2022-02-11 20:35:30 - [TEST_STEP][PASSED] - setText(findTestObject("Object Repository/Page_Qlue Smart City  Register Free Trial/input_Name_name"), "Ganjar"): Text 'Ganjar' is set on object 'Object Repository/Page_Qlue Smart City  Register Free Trial/input_Name_name'

2022-02-11 20:35:32 - [MESSAGE][PASSED] - Text 'Ganjar' is set on object 'Object Repository/Page_Qlue Smart City  Register Free Trial/input_Name_name'

2022-02-11 20:35:32 - [TEST_STEP][PASSED] - setText(findTestObject("Object Repository/Page_Qlue Smart City  Register Free Trial/input_Email_email"), "ganjarsayog7@gmail.com"): Text 'ganjarsayog7@gmail.com' is set on object 'Object Repository/Page_Qlue Smart City  Register Free Trial/input_Email_email'

2022-02-11 20:35:33 - [MESSAGE][PASSED] - Text 'ganjarsayog7@gmail.com' is set on object 'Object Repository/Page_Qlue Smart City  Register Free Trial/input_Email_email'

2022-02-11 20:35:33 - [TEST_STEP][PASSED] - setText(findTestObject("Object Repository/Page_Qlue Smart City  Register Free Trial/input_Company_company"), "AA"): Text 'AA' is set on object 'Object Repository/Page_Qlue Smart City  Register Free Trial/input_Company_company'

2022-02-11 20:35:34 - [MESSAGE][PASSED] - Text 'AA' is set on object 'Object Repository/Page_Qlue Smart City  Register Free Trial/input_Company_company'

2022-02-11 20:35:34 - [TEST_STEP][PASSED] - click(findTestObject("Object Repository/Page_Qlue Smart City  Register Free Trial/button_GET STARTED NOW")): Object: 'Object Repository/Page_Qlue Smart City  Register Free Trial/button_GET STARTED NOW' is clicked on

2022-02-11 20:35:36 - [MESSAGE][PASSED] - Object: 'Object Repository/Page_Qlue Smart City  Register Free Trial/button_GET STARTED NOW' is clicked on

2022-02-11 20:35:36 - [TEST_STEP][PASSED] - verifyElementPresent(findTestObject("Page_Qlue Smart City  Register Free Trial/span_Character minimal 3 and maximal 50"), 0): Object 'Object Repository/Page_Qlue Smart City  Register Free Trial/span_Character minimal 3 and maximal 50' is present

2022-02-11 20:35:37 - [MESSAGE][WARNING] - Timeout '0' is invalid. Using default page load timeout: '30'

2022-02-11 20:35:37 - [MESSAGE][PASSED] - Object 'Object Repository/Page_Qlue Smart City  Register Free Trial/span_Character minimal 3 and maximal 50' is present

2022-02-11 20:35:37 - [TEST_STEP][PASSED] - closeBrowser(): Browser is closed

2022-02-11 20:35:38 - [MESSAGE][PASSED] - Browser is closed]]></system-out>
         <system-err><![CDATA[]]></system-err>
      </testcase>
      <testcase name="Test Cases/Register_TestCase/Failed Reg_Company with 51 char" time="16.077" classname="Test Cases/Register_TestCase/Failed Reg_Company with 51 char" status="PASSED">
         <system-out><![CDATA[2022-02-11 20:35:38 - [TEST_CASE][PASSED] - Test Cases/Register_TestCase/Failed Reg_Company with 51 char: Test Cases/Register_TestCase/Failed Reg_Company with 51 char

2022-02-11 20:35:39 - [TEST_STEP][PASSED] - openBrowser(""): Browser is opened with url: ''

2022-02-11 20:35:39 - [MESSAGE][INFO] - Starting 'Chrome' driver

2022-02-11 20:35:39 - [MESSAGE][INFO] - Action delay is set to 0 milliseconds

2022-02-11 20:35:41 - [MESSAGE][PASSED] - Browser is opened with url: ''

2022-02-11 20:35:41 - [TEST_STEP][PASSED] - navigateToUrl("https://dev.qlue.ai/register/"): Navigate to 'https://dev.qlue.ai/register/' successfully

2022-02-11 20:35:47 - [MESSAGE][PASSED] - Navigate to 'https://dev.qlue.ai/register/' successfully

2022-02-11 20:35:47 - [TEST_STEP][PASSED] - setText(findTestObject("Object Repository/Page_Qlue Smart City  Register Free Trial/input_Name_name"), "Ganjar"): Text 'Ganjar' is set on object 'Object Repository/Page_Qlue Smart City  Register Free Trial/input_Name_name'

2022-02-11 20:35:48 - [MESSAGE][PASSED] - Text 'Ganjar' is set on object 'Object Repository/Page_Qlue Smart City  Register Free Trial/input_Name_name'

2022-02-11 20:35:48 - [TEST_STEP][PASSED] - setText(findTestObject("Object Repository/Page_Qlue Smart City  Register Free Trial/input_Email_email"), "ganjarsayog8@gmail.com"): Text 'ganjarsayog8@gmail.com' is set on object 'Object Repository/Page_Qlue Smart City  Register Free Trial/input_Email_email'

2022-02-11 20:35:49 - [MESSAGE][PASSED] - Text 'ganjarsayog8@gmail.com' is set on object 'Object Repository/Page_Qlue Smart City  Register Free Trial/input_Email_email'

2022-02-11 20:35:49 - [TEST_STEP][PASSED] - setText(findTestObject("Object Repository/Page_Qlue Smart City  Register Free Trial/input_Company_company"), "GanjarGanjarGanjarGanjarGanjarGanjarGanjarGanjarGan"): Text 'GanjarGanjarGanjarGanjarGanjarGanjarGanjarGanjarGan' is set on object 'Object Repository/Page_Qlue Smart City  Register Free Trial/input_Company_company'

2022-02-11 20:35:50 - [MESSAGE][PASSED] - Text 'GanjarGanjarGanjarGanjarGanjarGanjarGanjarGanjarGan' is set on object 'Object Repository/Page_Qlue Smart City  Register Free Trial/input_Company_company'

2022-02-11 20:35:50 - [TEST_STEP][PASSED] - click(findTestObject("Object Repository/Page_Qlue Smart City  Register Free Trial/button_GET STARTED NOW")): Object: 'Object Repository/Page_Qlue Smart City  Register Free Trial/button_GET STARTED NOW' is clicked on

2022-02-11 20:35:53 - [MESSAGE][PASSED] - Object: 'Object Repository/Page_Qlue Smart City  Register Free Trial/button_GET STARTED NOW' is clicked on

2022-02-11 20:35:53 - [TEST_STEP][PASSED] - verifyElementPresent(findTestObject("Page_Qlue Smart City  Register Free Trial/span_Character minimal 3 and maximal 50"), 0): Object 'Object Repository/Page_Qlue Smart City  Register Free Trial/span_Character minimal 3 and maximal 50' is present

2022-02-11 20:35:53 - [MESSAGE][WARNING] - Timeout '0' is invalid. Using default page load timeout: '30'

2022-02-11 20:35:54 - [MESSAGE][PASSED] - Object 'Object Repository/Page_Qlue Smart City  Register Free Trial/span_Character minimal 3 and maximal 50' is present

2022-02-11 20:35:54 - [TEST_STEP][PASSED] - closeBrowser(): Browser is closed

2022-02-11 20:35:54 - [MESSAGE][PASSED] - Browser is closed]]></system-out>
         <system-err><![CDATA[]]></system-err>
      </testcase>
      <testcase name="Test Cases/Register_TestCase/Failed Reg_Company with symbols" time="17.583" classname="Test Cases/Register_TestCase/Failed Reg_Company with symbols" status="PASSED">
         <system-out><![CDATA[2022-02-11 20:35:54 - [TEST_CASE][PASSED] - Test Cases/Register_TestCase/Failed Reg_Company with symbols: Test Cases/Register_TestCase/Failed Reg_Company with symbols

2022-02-11 20:35:55 - [TEST_STEP][PASSED] - openBrowser(""): Browser is opened with url: ''

2022-02-11 20:35:55 - [MESSAGE][INFO] - Starting 'Chrome' driver

2022-02-11 20:35:55 - [MESSAGE][INFO] - Action delay is set to 0 milliseconds

2022-02-11 20:35:57 - [MESSAGE][PASSED] - Browser is opened with url: ''

2022-02-11 20:35:57 - [TEST_STEP][PASSED] - navigateToUrl("https://dev.qlue.ai/register/"): Navigate to 'https://dev.qlue.ai/register/' successfully

2022-02-11 20:36:01 - [MESSAGE][PASSED] - Navigate to 'https://dev.qlue.ai/register/' successfully

2022-02-11 20:36:01 - [TEST_STEP][PASSED] - setText(findTestObject("Object Repository/Page_Qlue Smart City  Register Free Trial/input_Name_name"), "Ganjar"): Text 'Ganjar' is set on object 'Object Repository/Page_Qlue Smart City  Register Free Trial/input_Name_name'

2022-02-11 20:36:03 - [MESSAGE][PASSED] - Text 'Ganjar' is set on object 'Object Repository/Page_Qlue Smart City  Register Free Trial/input_Name_name'

2022-02-11 20:36:03 - [TEST_STEP][PASSED] - setText(findTestObject("Object Repository/Page_Qlue Smart City  Register Free Trial/input_Email_email"), "ganjarsayog6@gmail.com"): Text 'ganjarsayog6@gmail.com' is set on object 'Object Repository/Page_Qlue Smart City  Register Free Trial/input_Email_email'

2022-02-11 20:36:04 - [MESSAGE][PASSED] - Text 'ganjarsayog6@gmail.com' is set on object 'Object Repository/Page_Qlue Smart City  Register Free Trial/input_Email_email'

2022-02-11 20:36:04 - [TEST_STEP][PASSED] - setText(findTestObject("Object Repository/Page_Qlue Smart City  Register Free Trial/input_Company_company"), "@@@@"): Text '@@@@' is set on object 'Object Repository/Page_Qlue Smart City  Register Free Trial/input_Company_company'

2022-02-11 20:36:05 - [MESSAGE][PASSED] - Text '@@@@' is set on object 'Object Repository/Page_Qlue Smart City  Register Free Trial/input_Company_company'

2022-02-11 20:36:05 - [TEST_STEP][PASSED] - click(findTestObject("Object Repository/Page_Qlue Smart City  Register Free Trial/div_Phone_arrow down")): Object: 'Object Repository/Page_Qlue Smart City  Register Free Trial/div_Phone_arrow down' is clicked on

2022-02-11 20:36:06 - [MESSAGE][PASSED] - Object: 'Object Repository/Page_Qlue Smart City  Register Free Trial/div_Phone_arrow down' is clicked on

2022-02-11 20:36:06 - [TEST_STEP][PASSED] - click(findTestObject("Object Repository/Page_Qlue Smart City  Register Free Trial/span_Indonesia")): Object: 'Object Repository/Page_Qlue Smart City  Register Free Trial/span_Indonesia' is clicked on

2022-02-11 20:36:09 - [MESSAGE][PASSED] - Object: 'Object Repository/Page_Qlue Smart City  Register Free Trial/span_Indonesia' is clicked on

2022-02-11 20:36:09 - [TEST_STEP][PASSED] - setText(findTestObject("Object Repository/Page_Qlue Smart City  Register Free Trial/input_358_phone"), "81345755941"): Text '81345755941' is set on object 'Object Repository/Page_Qlue Smart City  Register Free Trial/input_358_phone'

2022-02-11 20:36:10 - [MESSAGE][PASSED] - Text '81345755941' is set on object 'Object Repository/Page_Qlue Smart City  Register Free Trial/input_358_phone'

2022-02-11 20:36:10 - [TEST_STEP][PASSED] - click(findTestObject("Object Repository/Page_Qlue Smart City  Register Free Trial/button_GET STARTED NOW")): Object: 'Object Repository/Page_Qlue Smart City  Register Free Trial/button_GET STARTED NOW' is clicked on

2022-02-11 20:36:10 - [MESSAGE][PASSED] - Object: 'Object Repository/Page_Qlue Smart City  Register Free Trial/button_GET STARTED NOW' is clicked on

2022-02-11 20:36:10 - [TEST_STEP][PASSED] - verifyElementPresent(findTestObject("Page_Qlue Smart City  Register Free Trial/span_Company only allow alphanumeric characters"), 0): Object 'Object Repository/Page_Qlue Smart City  Register Free Trial/span_Company only allow alphanumeric characters' is present

2022-02-11 20:36:10 - [MESSAGE][WARNING] - Timeout '0' is invalid. Using default page load timeout: '30'

2022-02-11 20:36:11 - [MESSAGE][PASSED] - Object 'Object Repository/Page_Qlue Smart City  Register Free Trial/span_Company only allow alphanumeric characters' is present

2022-02-11 20:36:11 - [TEST_STEP][PASSED] - closeBrowser(): Browser is closed

2022-02-11 20:36:12 - [MESSAGE][PASSED] - Browser is closed]]></system-out>
         <system-err><![CDATA[]]></system-err>
      </testcase>
      <testcase name="Test Cases/Register_TestCase/Failed Reg_Phone number left blank" time="16.876" classname="Test Cases/Register_TestCase/Failed Reg_Phone number left blank" status="PASSED">
         <system-out><![CDATA[2022-02-11 20:36:12 - [TEST_CASE][PASSED] - Test Cases/Register_TestCase/Failed Reg_Phone number left blank: Test Cases/Register_TestCase/Failed Reg_Phone number left blank

2022-02-11 20:36:13 - [TEST_STEP][PASSED] - openBrowser(""): Browser is opened with url: ''

2022-02-11 20:36:13 - [MESSAGE][INFO] - Starting 'Chrome' driver

2022-02-11 20:36:13 - [MESSAGE][INFO] - Action delay is set to 0 milliseconds

2022-02-11 20:36:14 - [MESSAGE][PASSED] - Browser is opened with url: ''

2022-02-11 20:36:14 - [TEST_STEP][PASSED] - navigateToUrl("https://dev.qlue.ai/register/"): Navigate to 'https://dev.qlue.ai/register/' successfully

2022-02-11 20:36:20 - [MESSAGE][PASSED] - Navigate to 'https://dev.qlue.ai/register/' successfully

2022-02-11 20:36:20 - [TEST_STEP][PASSED] - setText(findTestObject("Object Repository/Page_Qlue Smart City  Register Free Trial/input_Name_name"), "Ganjar"): Text 'Ganjar' is set on object 'Object Repository/Page_Qlue Smart City  Register Free Trial/input_Name_name'

2022-02-11 20:36:21 - [MESSAGE][PASSED] - Text 'Ganjar' is set on object 'Object Repository/Page_Qlue Smart City  Register Free Trial/input_Name_name'

2022-02-11 20:36:21 - [TEST_STEP][PASSED] - setText(findTestObject("Object Repository/Page_Qlue Smart City  Register Free Trial/input_Email_email"), "ganjarsayog9@gmail.com"): Text 'ganjarsayog9@gmail.com' is set on object 'Object Repository/Page_Qlue Smart City  Register Free Trial/input_Email_email'

2022-02-11 20:36:22 - [MESSAGE][PASSED] - Text 'ganjarsayog9@gmail.com' is set on object 'Object Repository/Page_Qlue Smart City  Register Free Trial/input_Email_email'

2022-02-11 20:36:22 - [TEST_STEP][PASSED] - setText(findTestObject("Object Repository/Page_Qlue Smart City  Register Free Trial/input_Company_company"), "PT. ABC"): Text 'PT. ABC' is set on object 'Object Repository/Page_Qlue Smart City  Register Free Trial/input_Company_company'

2022-02-11 20:36:22 - [MESSAGE][PASSED] - Text 'PT. ABC' is set on object 'Object Repository/Page_Qlue Smart City  Register Free Trial/input_Company_company'

2022-02-11 20:36:22 - [TEST_STEP][PASSED] - click(findTestObject("Object Repository/Page_Qlue Smart City  Register Free Trial/div_Phone_arrow down")): Object: 'Object Repository/Page_Qlue Smart City  Register Free Trial/div_Phone_arrow down' is clicked on

2022-02-11 20:36:23 - [MESSAGE][PASSED] - Object: 'Object Repository/Page_Qlue Smart City  Register Free Trial/div_Phone_arrow down' is clicked on

2022-02-11 20:36:23 - [TEST_STEP][PASSED] - click(findTestObject("Object Repository/Page_Qlue Smart City  Register Free Trial/span_Indonesia")): Object: 'Object Repository/Page_Qlue Smart City  Register Free Trial/span_Indonesia' is clicked on

2022-02-11 20:36:26 - [MESSAGE][PASSED] - Object: 'Object Repository/Page_Qlue Smart City  Register Free Trial/span_Indonesia' is clicked on

2022-02-11 20:36:26 - [TEST_STEP][PASSED] - setText(findTestObject("Object Repository/Page_Qlue Smart City  Register Free Trial/input_358_phone"), ""): Text '' is set on object 'Object Repository/Page_Qlue Smart City  Register Free Trial/input_358_phone'

2022-02-11 20:36:27 - [MESSAGE][PASSED] - Text '' is set on object 'Object Repository/Page_Qlue Smart City  Register Free Trial/input_358_phone'

2022-02-11 20:36:27 - [TEST_STEP][PASSED] - click(findTestObject("Object Repository/Page_Qlue Smart City  Register Free Trial/button_GET STARTED NOW")): Object: 'Object Repository/Page_Qlue Smart City  Register Free Trial/button_GET STARTED NOW' is clicked on

2022-02-11 20:36:28 - [MESSAGE][PASSED] - Object: 'Object Repository/Page_Qlue Smart City  Register Free Trial/button_GET STARTED NOW' is clicked on

2022-02-11 20:36:28 - [TEST_STEP][PASSED] - verifyElementPresent(findTestObject("Page_Qlue Smart City  Register Free Trial/span_Please enter Your phone"), 0): Object 'Object Repository/Page_Qlue Smart City  Register Free Trial/span_Please enter Your phone' is present

2022-02-11 20:36:28 - [MESSAGE][WARNING] - Timeout '0' is invalid. Using default page load timeout: '30'

2022-02-11 20:36:28 - [MESSAGE][PASSED] - Object 'Object Repository/Page_Qlue Smart City  Register Free Trial/span_Please enter Your phone' is present

2022-02-11 20:36:28 - [TEST_STEP][PASSED] - closeBrowser(): Browser is closed

2022-02-11 20:36:29 - [MESSAGE][PASSED] - Browser is closed]]></system-out>
         <system-err><![CDATA[]]></system-err>
      </testcase>
      <testcase name="Test Cases/Register_TestCase/Failed Reg_Phone number with 15 digits" time="20.025" classname="Test Cases/Register_TestCase/Failed Reg_Phone number with 15 digits" status="PASSED">
         <system-out><![CDATA[2022-02-11 20:36:29 - [TEST_CASE][PASSED] - Test Cases/Register_TestCase/Failed Reg_Phone number with 15 digits: Test Cases/Register_TestCase/Failed Reg_Phone number with 15 digits

2022-02-11 20:36:30 - [TEST_STEP][PASSED] - openBrowser(""): Browser is opened with url: ''

2022-02-11 20:36:30 - [MESSAGE][INFO] - Starting 'Chrome' driver

2022-02-11 20:36:30 - [MESSAGE][INFO] - Action delay is set to 0 milliseconds

2022-02-11 20:36:31 - [MESSAGE][PASSED] - Browser is opened with url: ''

2022-02-11 20:36:31 - [TEST_STEP][PASSED] - navigateToUrl("https://dev.qlue.ai/register/"): Navigate to 'https://dev.qlue.ai/register/' successfully

2022-02-11 20:36:39 - [MESSAGE][PASSED] - Navigate to 'https://dev.qlue.ai/register/' successfully

2022-02-11 20:36:39 - [TEST_STEP][PASSED] - setText(findTestObject("Object Repository/Page_Qlue Smart City  Register Free Trial/input_Name_name"), "Ganjar"): Text 'Ganjar' is set on object 'Object Repository/Page_Qlue Smart City  Register Free Trial/input_Name_name'

2022-02-11 20:36:40 - [MESSAGE][PASSED] - Text 'Ganjar' is set on object 'Object Repository/Page_Qlue Smart City  Register Free Trial/input_Name_name'

2022-02-11 20:36:40 - [TEST_STEP][PASSED] - setText(findTestObject("Object Repository/Page_Qlue Smart City  Register Free Trial/input_Email_email"), "ganjarsayo11@gmail.com"): Text 'ganjarsayo11@gmail.com' is set on object 'Object Repository/Page_Qlue Smart City  Register Free Trial/input_Email_email'

2022-02-11 20:36:41 - [MESSAGE][PASSED] - Text 'ganjarsayo11@gmail.com' is set on object 'Object Repository/Page_Qlue Smart City  Register Free Trial/input_Email_email'

2022-02-11 20:36:41 - [TEST_STEP][PASSED] - setText(findTestObject("Object Repository/Page_Qlue Smart City  Register Free Trial/input_Company_company"), "PT. ABC"): Text 'PT. ABC' is set on object 'Object Repository/Page_Qlue Smart City  Register Free Trial/input_Company_company'

2022-02-11 20:36:42 - [MESSAGE][PASSED] - Text 'PT. ABC' is set on object 'Object Repository/Page_Qlue Smart City  Register Free Trial/input_Company_company'

2022-02-11 20:36:42 - [TEST_STEP][PASSED] - click(findTestObject("Object Repository/Page_Qlue Smart City  Register Free Trial/div_Phone_arrow down")): Object: 'Object Repository/Page_Qlue Smart City  Register Free Trial/div_Phone_arrow down' is clicked on

2022-02-11 20:36:43 - [MESSAGE][PASSED] - Object: 'Object Repository/Page_Qlue Smart City  Register Free Trial/div_Phone_arrow down' is clicked on

2022-02-11 20:36:43 - [TEST_STEP][PASSED] - click(findTestObject("Object Repository/Page_Qlue Smart City  Register Free Trial/span_Indonesia")): Object: 'Object Repository/Page_Qlue Smart City  Register Free Trial/span_Indonesia' is clicked on

2022-02-11 20:36:46 - [MESSAGE][PASSED] - Object: 'Object Repository/Page_Qlue Smart City  Register Free Trial/span_Indonesia' is clicked on

2022-02-11 20:36:46 - [TEST_STEP][PASSED] - setText(findTestObject("Object Repository/Page_Qlue Smart City  Register Free Trial/input_358_phone"), "813458134581345"): Text '813458134581345' is set on object 'Object Repository/Page_Qlue Smart City  Register Free Trial/input_358_phone'

2022-02-11 20:36:47 - [MESSAGE][PASSED] - Text '813458134581345' is set on object 'Object Repository/Page_Qlue Smart City  Register Free Trial/input_358_phone'

2022-02-11 20:36:47 - [TEST_STEP][PASSED] - click(findTestObject("Object Repository/Page_Qlue Smart City  Register Free Trial/button_GET STARTED NOW")): Object: 'Object Repository/Page_Qlue Smart City  Register Free Trial/button_GET STARTED NOW' is clicked on

2022-02-11 20:36:47 - [MESSAGE][PASSED] - Object: 'Object Repository/Page_Qlue Smart City  Register Free Trial/button_GET STARTED NOW' is clicked on

2022-02-11 20:36:47 - [TEST_STEP][PASSED] - verifyElementPresent(findTestObject("Page_Qlue Smart City  Register Free Trial/span_Digit minimal 4 and maximal 14"), 0): Object 'Object Repository/Page_Qlue Smart City  Register Free Trial/span_Digit minimal 4 and maximal 14' is present

2022-02-11 20:36:47 - [MESSAGE][WARNING] - Timeout '0' is invalid. Using default page load timeout: '30'

2022-02-11 20:36:48 - [MESSAGE][PASSED] - Object 'Object Repository/Page_Qlue Smart City  Register Free Trial/span_Digit minimal 4 and maximal 14' is present

2022-02-11 20:36:48 - [TEST_STEP][PASSED] - closeBrowser(): Browser is closed

2022-02-11 20:36:49 - [MESSAGE][PASSED] - Browser is closed]]></system-out>
         <system-err><![CDATA[]]></system-err>
      </testcase>
      <testcase name="Test Cases/Register_TestCase/Failed Reg_Phone number with 3 digits" time="18.889" classname="Test Cases/Register_TestCase/Failed Reg_Phone number with 3 digits" status="PASSED">
         <system-out><![CDATA[2022-02-11 20:36:49 - [TEST_CASE][PASSED] - Test Cases/Register_TestCase/Failed Reg_Phone number with 3 digits: Test Cases/Register_TestCase/Failed Reg_Phone number with 3 digits

2022-02-11 20:36:50 - [TEST_STEP][PASSED] - openBrowser(""): Browser is opened with url: ''

2022-02-11 20:36:50 - [MESSAGE][INFO] - Starting 'Chrome' driver

2022-02-11 20:36:50 - [MESSAGE][INFO] - Action delay is set to 0 milliseconds

2022-02-11 20:36:51 - [MESSAGE][PASSED] - Browser is opened with url: ''

2022-02-11 20:36:51 - [TEST_STEP][PASSED] - navigateToUrl("https://dev.qlue.ai/register/"): Navigate to 'https://dev.qlue.ai/register/' successfully

2022-02-11 20:36:59 - [MESSAGE][PASSED] - Navigate to 'https://dev.qlue.ai/register/' successfully

2022-02-11 20:36:59 - [TEST_STEP][PASSED] - setText(findTestObject("Object Repository/Page_Qlue Smart City  Register Free Trial/input_Name_name"), "Ganjar"): Text 'Ganjar' is set on object 'Object Repository/Page_Qlue Smart City  Register Free Trial/input_Name_name'

2022-02-11 20:37:00 - [MESSAGE][PASSED] - Text 'Ganjar' is set on object 'Object Repository/Page_Qlue Smart City  Register Free Trial/input_Name_name'

2022-02-11 20:37:00 - [TEST_STEP][PASSED] - setText(findTestObject("Object Repository/Page_Qlue Smart City  Register Free Trial/input_Email_email"), "ganjarsayo10@gmail.com"): Text 'ganjarsayo10@gmail.com' is set on object 'Object Repository/Page_Qlue Smart City  Register Free Trial/input_Email_email'

2022-02-11 20:37:01 - [MESSAGE][PASSED] - Text 'ganjarsayo10@gmail.com' is set on object 'Object Repository/Page_Qlue Smart City  Register Free Trial/input_Email_email'

2022-02-11 20:37:01 - [TEST_STEP][PASSED] - setText(findTestObject("Object Repository/Page_Qlue Smart City  Register Free Trial/input_Company_company"), "PT. ABC"): Text 'PT. ABC' is set on object 'Object Repository/Page_Qlue Smart City  Register Free Trial/input_Company_company'

2022-02-11 20:37:02 - [MESSAGE][PASSED] - Text 'PT. ABC' is set on object 'Object Repository/Page_Qlue Smart City  Register Free Trial/input_Company_company'

2022-02-11 20:37:02 - [TEST_STEP][PASSED] - click(findTestObject("Object Repository/Page_Qlue Smart City  Register Free Trial/div_Phone_arrow down")): Object: 'Object Repository/Page_Qlue Smart City  Register Free Trial/div_Phone_arrow down' is clicked on

2022-02-11 20:37:03 - [MESSAGE][PASSED] - Object: 'Object Repository/Page_Qlue Smart City  Register Free Trial/div_Phone_arrow down' is clicked on

2022-02-11 20:37:03 - [TEST_STEP][PASSED] - click(findTestObject("Object Repository/Page_Qlue Smart City  Register Free Trial/span_Indonesia")): Object: 'Object Repository/Page_Qlue Smart City  Register Free Trial/span_Indonesia' is clicked on

2022-02-11 20:37:05 - [MESSAGE][PASSED] - Object: 'Object Repository/Page_Qlue Smart City  Register Free Trial/span_Indonesia' is clicked on

2022-02-11 20:37:05 - [TEST_STEP][PASSED] - setText(findTestObject("Object Repository/Page_Qlue Smart City  Register Free Trial/input_358_phone"), "813"): Text '813' is set on object 'Object Repository/Page_Qlue Smart City  Register Free Trial/input_358_phone'

2022-02-11 20:37:06 - [MESSAGE][PASSED] - Text '813' is set on object 'Object Repository/Page_Qlue Smart City  Register Free Trial/input_358_phone'

2022-02-11 20:37:06 - [TEST_STEP][PASSED] - click(findTestObject("Object Repository/Page_Qlue Smart City  Register Free Trial/button_GET STARTED NOW")): Object: 'Object Repository/Page_Qlue Smart City  Register Free Trial/button_GET STARTED NOW' is clicked on

2022-02-11 20:37:07 - [MESSAGE][PASSED] - Object: 'Object Repository/Page_Qlue Smart City  Register Free Trial/button_GET STARTED NOW' is clicked on

2022-02-11 20:37:07 - [TEST_STEP][PASSED] - verifyElementPresent(findTestObject("Page_Qlue Smart City  Register Free Trial/span_Digit minimal 4 and maximal 14"), 0): Object 'Object Repository/Page_Qlue Smart City  Register Free Trial/span_Digit minimal 4 and maximal 14' is present

2022-02-11 20:37:07 - [MESSAGE][WARNING] - Timeout '0' is invalid. Using default page load timeout: '30'

2022-02-11 20:37:07 - [MESSAGE][PASSED] - Object 'Object Repository/Page_Qlue Smart City  Register Free Trial/span_Digit minimal 4 and maximal 14' is present

2022-02-11 20:37:07 - [TEST_STEP][PASSED] - closeBrowser(): Browser is closed

2022-02-11 20:37:08 - [MESSAGE][PASSED] - Browser is closed]]></system-out>
         <system-err><![CDATA[]]></system-err>
      </testcase>
      <system-out><![CDATA[2022-02-11 20:32:41 - [TEST_SUITE][PASSED] - Register_Failed: Test Cases/Register_TestCase/Failed Reg_Phone number with 3 digits]]></system-out>
      <system-err><![CDATA[]]></system-err>
   </testsuite>
</testsuites>
